<?xml version="1.0" encoding="UTF-8"?>
<testsuite xmlns:xsi="http://www.w3.org/2001/XMLSchema-instance" xsi:noNamespaceSchemaLocation="https://maven.apache.org/surefire/maven-surefire-plugin/xsd/surefire-test-report.xsd" version="3.0.2" name="com.kppit.web.SpringKppitRenderApplicationTests" time="3.875" tests="1" errors="0" skipped="0" failures="0">
  <properties>
[...]
</properties>
  <testcase name="contextLoads" classname="com.kppit.web.SpringKppitRenderApplicationTests" time="0.889">
    <system-out><![CDATA[21:39:22.629 [main] INFO org.springframework.test.context.support.AnnotationConfigContextLoaderUtils -- Could not detect default configuration classes for test class [com.kppit.web.SpringKppitRenderApplicationTests]: SpringKppitRenderApplicationTests does not declare any static, non-private, non-final, nested classes annotated with @Configuration.
21:39:22.810 [main] INFO org.springframework.boot.test.context.SpringBootTestContextBootstrapper -- Found @SpringBootConfiguration com.kppit.web.SpringKppitRenderApplication for test class com.kppit.web.SpringKppitRenderApplicationTests

  .   ____          _            __ _ _
 /\\ / ___'_ __ _ _(_)_ __  __ _ \ \ \ \
( ( )\___ | '_ | '_| | '_ \/ _` | \ \ \ \
 \\/  ___)| |_)| | | | | || (_| |  ) ) ) )
  '  |____| .__|_| |_|_| |_\__, | / / / /
 =========|_|==============|___/=/_/_/_/

 :: Spring Boot ::                (v3.5.7)

2025-11-10T21:39:23.570+08:00  INFO 9976 --- [spring-kppit-render] [           main] c.k.w.SpringKppitRenderApplicationTests  : Starting SpringKppitRenderApplicationTests using Java 17.0.12 with PID 9976 (started by momeh in C:\Users\momeh\git\test\spring-kppit-render)
2025-11-10T21:39:23.576+08:00  INFO 9976 --- [spring-kppit-render] [           main] c.k.w.SpringKppitRenderApplicationTests  : No active profile set, falling back to 1 default profile: "default"
2025-11-10T21:39:25.410+08:00  INFO 9976 --- [spring-kppit-render] [           main] c.k.w.SpringKppitRenderApplicationTests  : Started SpringKppitRenderApplicationTests in 2.326 seconds (process running for 3.7)
]]></system-out>
  </testcase>
</testsuite>